/*C3*/SET SCHEMA PUBLIC
INSERT INTO ROZGRYWKA VALUES(1,'O','fdsf','dfsffdsfs','2019-12-15 21:27:28.322000')
COMMIT
TRUNCATE TABLE rozgrywka RESTART IDENTITY AND COMMIT NO CHECK
INSERT INTO ROZGRYWKA VALUES(1,'O','dsada','dsadas','2019-12-15 21:27:34.903000')
COMMIT
INSERT INTO ROZGRYWKA VALUES(2,'X','ert','dsaasda','2019-12-15 21:27:40.647000')
COMMIT
TRUNCATE TABLE rozgrywka RESTART IDENTITY AND COMMIT NO CHECK
INSERT INTO ROZGRYWKA VALUES(1,'X','dasew','dsada','2019-12-15 21:27:46.559000')
COMMIT
TRUNCATE TABLE rozgrywka RESTART IDENTITY AND COMMIT NO CHECK
INSERT INTO ROZGRYWKA VALUES(1,'O','Jan','Adam','2019-12-15 21:28:02.447000')
COMMIT
INSERT INTO ROZGRYWKA VALUES(2,'O','Jan','Daniel','2019-12-15 21:28:09.806000')
COMMIT
INSERT INTO ROZGRYWKA VALUES(3,'','Janusz','Damian','2019-12-15 21:28:24.782000')
COMMIT
INSERT INTO ROZGRYWKA VALUES(4,'O','Daniel','Adam','2019-12-15 21:28:36.471000')
COMMIT
INSERT INTO ROZGRYWKA VALUES(5,'X','Jan','Krzysztof','2019-12-15 21:28:50.686000')
COMMIT
